0 info it worked if it ends with ok
1 verbose cli [ 'C:\\Program Files\\nodejs\\node.exe',
1 verbose cli   'C:\\Users\\timgao\\AppData\\Roaming\\npm\\node_modules\\npm\\bin\\npm-cli.js',
1 verbose cli   'pack' ]
2 info using npm@3.10.2
3 info using node@v4.4.5
4 silly cache add args [ '.', null ]
5 verbose cache add spec .
6 silly cache add parsed spec Result {
6 silly cache add   raw: '.',
6 silly cache add   scope: null,
6 silly cache add   escapedName: null,
6 silly cache add   name: null,
6 silly cache add   rawSpec: '.',
6 silly cache add   spec: 'D:\\Tim\\cruise',
6 silly cache add   type: 'directory' }
7 verbose addLocalDirectory C:\Users\timgao\AppData\Roaming\npm-cache\cruise\1.0.0\package.tgz not in flight; packing
8 verbose correctMkdir C:\Users\timgao\AppData\Roaming\npm-cache correctMkdir not in flight; initializing
9 info lifecycle cruise@1.0.0~prepublish: cruise@1.0.0
10 verbose lifecycle cruise@1.0.0~prepublish: unsafe-perm in lifecycle true
11 verbose lifecycle cruise@1.0.0~prepublish: PATH: C:\Users\timgao\AppData\Roaming\npm\node_modules\npm\bin\node-gyp-bin;D:\Tim\cruise\node_modules\.bin;C:\Program Files\nodejs;C:\Users\timgao\bin;C:\Program Files\Git\mingw64\bin;C:\Program Files\Git\usr\local\bin;C:\Program Files\Git\usr\bin;C:\Program Files\Git\usr\bin;C:\Program Files\Git\mingw64\bin;C:\Program Files\Git\usr\bin;C:\Users\timgao\bin;C:\Ruby21-x64\bin;C:\ProgramData\Oracle\Java\javapath;C:\windows\system32;C:\windows;C:\windows\System32\Wbem;C:\windows\System32\WindowsPowerShell\v1.0;C:\Program Files (x86)\Intel\OpenCL SDK\3.0\bin\x86;C:\Program Files (x86)\Intel\OpenCL SDK\3.0\bin\x64;C:\Program Files\SourceGear\Common\DiffMerge;C:\Program Files\nodejs;C:\Program Files\TortoiseGit\bin;C:\Program Files\Git\cmd;C:\Program Files (x86)\Skype\Phone;C:\Program Files (x86)\GnuPG\bin;C:\Program Files\Java\jdk1.8.0_66\bin;C:\Program Files\Java\jdk1.8.0_66\jre\bin;C:\Mysoftware\apache-maven-3.2.5-bin\apache-maven-3.2.5\bin;C:\Mysoftware\apache-ant-1.9.1\apache-ant-1.9.1\bin;C:\Mysoftware\apache-ant-1.9.1\apache-ant-1.9.1\lib;C:\Users\timgao\AppData\Roaming\npm;C:\Python27;C:\Program Files (x86)\FontForgeBuilds;C:\Program Files\Docker Toolbox;C:\Users\timgao\AppData\Local\atom\bin;C:\Program Files (x86)\Notepad++;C:\Program Files\Git\usr\bin\vendor_perl;C:\Program Files\Git\usr\bin\core_perl
12 verbose lifecycle cruise@1.0.0~prepublish: CWD: D:\Tim\cruise
13 silly lifecycle cruise@1.0.0~prepublish: Args: [ '/d /s /c', './offline/offline-npm --prepublish ; ' ]
14 silly lifecycle cruise@1.0.0~prepublish: Returned: code: 1  signal: null
15 info lifecycle cruise@1.0.0~prepublish: Failed to exec prepublish script
16 error addLocal Could not install D:\Tim\cruise
17 verbose stack Error: cruise@1.0.0 prepublish: `./offline/offline-npm --prepublish ; `
17 verbose stack Exit status 1
17 verbose stack     at EventEmitter.<anonymous> (C:\Users\timgao\AppData\Roaming\npm\node_modules\npm\lib\utils\lifecycle.js:242:16)
17 verbose stack     at emitTwo (events.js:87:13)
17 verbose stack     at EventEmitter.emit (events.js:172:7)
17 verbose stack     at ChildProcess.<anonymous> (C:\Users\timgao\AppData\Roaming\npm\node_modules\npm\lib\utils\spawn.js:40:14)
17 verbose stack     at emitTwo (events.js:87:13)
17 verbose stack     at ChildProcess.emit (events.js:172:7)
17 verbose stack     at maybeClose (internal/child_process.js:827:16)
17 verbose stack     at Process.ChildProcess._handle.onexit (internal/child_process.js:211:5)
18 verbose pkgid cruise@1.0.0
19 verbose cwd D:\Tim\cruise
20 error Windows_NT 6.1.7601
21 error argv "C:\\Program Files\\nodejs\\node.exe" "C:\\Users\\timgao\\AppData\\Roaming\\npm\\node_modules\\npm\\bin\\npm-cli.js" "pack"
22 error node v4.4.5
23 error npm  v3.10.2
24 error code ELIFECYCLE
25 error cruise@1.0.0 prepublish: `./offline/offline-npm --prepublish ; `
25 error Exit status 1
26 error Failed at the cruise@1.0.0 prepublish script './offline/offline-npm --prepublish ; '.
26 error Make sure you have the latest version of node.js and npm installed.
26 error If you do, this is most likely a problem with the cruise package,
26 error not with npm itself.
26 error Tell the author that this fails on your system:
26 error     ./offline/offline-npm --prepublish ;
26 error You can get information on how to open an issue for this project with:
26 error     npm bugs cruise
26 error Or if that isn't available, you can get their info via:
26 error     npm owner ls cruise
26 error There is likely additional logging output above.
27 verbose exit [ 1, true ]
