Arguments: 
  C:\Program Files\nodejs\node.exe C:\Users\timgao\AppData\Roaming\npm\node_modules\yarn\bin\yarn.js install

PATH: 
  C:\Users\timgao\bin;C:\Program Files\Git\mingw64\bin;C:\Program Files\Git\usr\local\bin;C:\Program Files\Git\usr\bin;C:\Program Files\Git\usr\bin;C:\Program Files\Git\mingw64\bin;C:\Program Files\Git\usr\bin;C:\Users\timgao\bin;C:\Ruby23-x64\bin;C:\ProgramData\Oracle\Java\javapath;C:\windows\system32;C:\windows;C:\windows\System32\Wbem;C:\windows\System32\WindowsPowerShell\v1.0;C:\Program Files (x86)\Intel\OpenCL SDK\3.0\bin\x86;C:\Program Files (x86)\Intel\OpenCL SDK\3.0\bin\x64;C:\Program Files\SourceGear\Common\DiffMerge;C:\Program Files\nodejs;C:\Program Files\TortoiseGit\bin;C:\Program Files\Git\cmd;C:\Program Files (x86)\Skype\Phone;C:\Program Files (x86)\GnuPG\bin;C:\Program Files\Java\jdk1.8.0_66\bin;C:\Program Files\Java\jdk1.8.0_66\jre\bin;C:\Mysoftware\apache-maven-3.2.5-bin\apache-maven-3.2.5\bin;C:\Mysoftware\apache-ant-1.9.1\apache-ant-1.9.1\bin;C:\Mysoftware\apache-ant-1.9.1\apache-ant-1.9.1\lib;C:\Users\timgao\AppData\Roaming\npm;C:\Python27;C:\Program Files (x86)\FontForgeBuilds;C:\Program Files\Docker Toolbox;C:\Users\timgao\AppData\Local\atom\bin;C:\Program Files (x86)\Notepad++;C:\Program Files\Git\usr\bin\vendor_perl;C:\Program Files\Git\usr\bin\core_perl

Yarn version: 
  0.21.3

Node version: 
  4.4.5

Platform: 
  win32 x64

npm manifest: 
  {
    "name": "cruise",
    "version": "1.0.0",
    "description": "This is practice for cruise project",
    "main": "index.js",
    "scripts": {
      "test": "echo \"Error: no test specified\" && exit 1"
    },
    "author": "timgao",
    "license": "ISC",
    "devDependencies": {
      "grunt": "~0.4.5",
      "grunt-contrib-clean":"*",
      "grunt-contrib-jshint": "~0.12.0",
      "grunt-contrib-uglify": "~0.5.0",
      "grunt-contrib-qunit":"*",
      "grunt-contrib-watch":"~1.0.0",
      "grunt-contrib-concat":"~1.0.1",
      "grunt-contrib-compass":"*"
    }
  }

yarn manifest: 
  No manifest

Lockfile: 
  No lockfile

Trace: 
  Error: connect ETIMEDOUT 104.16.62.173:443
      at Object.exports._errnoException (util.js:870:11)
      at exports._exceptionWithHostPort (util.js:893:20)
      at TCPConnectWrap.afterConnect [as oncomplete] (net.js:1061:14)
